<?xml version="1.0" encoding="UTF-8"?>
<testsuite errors="0" failures="0" hostname="Lincoln.local" name="example.MyFeatureToggleTest" tests="2" time="0.003" timestamp="2013-04-05T09:41:33">
  <properties />
  <testcase classname="example.MyFeatureToggleTest" name="testGetOriginStatus" time="0.001" />
  <testcase classname="example.MyFeatureToggleTest" name="testInitFromString" time="0.0" />
  <system-out><![CDATA[]]></system-out>
  <system-err><![CDATA[]]></system-err>
</testsuite>
